c:\users\sam huffer\coding\cos30031 - 101633177\12 - spike - game graphs from data\zorkishadventures\zorkishadventures\debug\vc142.pdb
c:\users\sam huffer\coding\cos30031 - 101633177\12 - spike - game graphs from data\zorkishadventures\zorkishadventures\debug\stage.obj
c:\users\sam huffer\coding\cos30031 - 101633177\12 - spike - game graphs from data\zorkishadventures\zorkishadventures\debug\path.obj
c:\users\sam huffer\coding\cos30031 - 101633177\12 - spike - game graphs from data\zorkishadventures\zorkishadventures\debug\container.obj
c:\users\sam huffer\coding\cos30031 - 101633177\12 - spike - game graphs from data\zorkishadventures\zorkishadventures\debug\location.obj
c:\users\sam huffer\coding\cos30031 - 101633177\12 - spike - game graphs from data\zorkishadventures\zorkishadventures\debug\world.obj
c:\users\sam huffer\coding\cos30031 - 101633177\12 - spike - game graphs from data\zorkishadventures\zorkishadventures\debug\vc142.idb
c:\users\sam huffer\coding\cos30031 - 101633177\12 - spike - game graphs from data\zorkishadventures\zorkishadventures\debug\stringmanager.obj
c:\users\sam huffer\coding\cos30031 - 101633177\12 - spike - game graphs from data\zorkishadventures\zorkishadventures\debug\player.obj
c:\users\sam huffer\coding\cos30031 - 101633177\12 - spike - game graphs from data\zorkishadventures\zorkishadventures\debug\pch.obj
c:\users\sam huffer\coding\cos30031 - 101633177\12 - spike - game graphs from data\zorkishadventures\zorkishadventures\debug\item.obj
c:\users\sam huffer\coding\cos30031 - 101633177\12 - spike - game graphs from data\zorkishadventures\zorkishadventures\debug\containeritem.obj
c:\users\sam huffer\coding\cos30031 - 101633177\12 - spike - game graphs from data\zorkishadventures\zorkishadventures\debug\zorkishadventures.obj
c:\users\sam huffer\coding\cos30031 - 101633177\12 - spike - game graphs from data\zorkishadventures\zorkishadventures\debug\halloffame.obj
c:\users\sam huffer\coding\cos30031 - 101633177\12 - spike - game graphs from data\zorkishadventures\zorkishadventures\debug\gameplay.obj
c:\users\sam huffer\coding\cos30031 - 101633177\12 - spike - game graphs from data\zorkishadventures\zorkishadventures\debug\stagemanager.obj
c:\users\sam huffer\coding\cos30031 - 101633177\12 - spike - game graphs from data\zorkishadventures\zorkishadventures\debug\selectadventure.obj
c:\users\sam huffer\coding\cos30031 - 101633177\12 - spike - game graphs from data\zorkishadventures\zorkishadventures\debug\newhighscore.obj
c:\users\sam huffer\coding\cos30031 - 101633177\12 - spike - game graphs from data\zorkishadventures\zorkishadventures\debug\mainmenu.obj
c:\users\sam huffer\coding\cos30031 - 101633177\12 - spike - game graphs from data\zorkishadventures\zorkishadventures\debug\help.obj
c:\users\sam huffer\coding\cos30031 - 101633177\12 - spike - game graphs from data\zorkishadventures\zorkishadventures\debug\game.obj
c:\users\sam huffer\coding\cos30031 - 101633177\12 - spike - game graphs from data\zorkishadventures\zorkishadventures\debug\about.obj
c:\users\sam huffer\coding\cos30031 - 101633177\12 - spike - game graphs from data\zorkishadventures\debug\zorkishadventures.exe
c:\users\sam huffer\coding\cos30031 - 101633177\12 - spike - game graphs from data\zorkishadventures\debug\zorkishadventures.ilk
c:\users\sam huffer\coding\cos30031 - 101633177\12 - spike - game graphs from data\zorkishadventures\debug\zorkishadventures.pdb
c:\users\sam huffer\coding\cos30031 - 101633177\12 - spike - game graphs from data\zorkishadventures\zorkishadventures\debug\zorkisha.2155de2b.tlog\cl.command.1.tlog
c:\users\sam huffer\coding\cos30031 - 101633177\12 - spike - game graphs from data\zorkishadventures\zorkishadventures\debug\zorkisha.2155de2b.tlog\cl.read.1.tlog
c:\users\sam huffer\coding\cos30031 - 101633177\12 - spike - game graphs from data\zorkishadventures\zorkishadventures\debug\zorkisha.2155de2b.tlog\cl.write.1.tlog
c:\users\sam huffer\coding\cos30031 - 101633177\12 - spike - game graphs from data\zorkishadventures\zorkishadventures\debug\zorkisha.2155de2b.tlog\link.command.1.tlog
c:\users\sam huffer\coding\cos30031 - 101633177\12 - spike - game graphs from data\zorkishadventures\zorkishadventures\debug\zorkisha.2155de2b.tlog\link.read.1.tlog
c:\users\sam huffer\coding\cos30031 - 101633177\12 - spike - game graphs from data\zorkishadventures\zorkishadventures\debug\zorkisha.2155de2b.tlog\link.write.1.tlog
