c:\users\sam huffer\coding\cos30031 - 101633177\09 - spike - game state management\spike9gamestatemanagement (multi-file)\spike9gamestatemanagement\debug\spike9gamestatemanagement.pch
c:\users\sam huffer\coding\cos30031 - 101633177\09 - spike - game state management\spike9gamestatemanagement (multi-file)\spike9gamestatemanagement\debug\vc141.pdb
c:\users\sam huffer\coding\cos30031 - 101633177\09 - spike - game state management\spike9gamestatemanagement (multi-file)\spike9gamestatemanagement\debug\vc141.idb
c:\users\sam huffer\coding\cos30031 - 101633177\09 - spike - game state management\spike9gamestatemanagement (multi-file)\spike9gamestatemanagement\debug\pch.obj
c:\users\sam huffer\coding\cos30031 - 101633177\09 - spike - game state management\spike9gamestatemanagement (multi-file)\spike9gamestatemanagement\debug\world.obj
c:\users\sam huffer\coding\cos30031 - 101633177\09 - spike - game state management\spike9gamestatemanagement (multi-file)\spike9gamestatemanagement\debug\stagemanager.obj
c:\users\sam huffer\coding\cos30031 - 101633177\09 - spike - game state management\spike9gamestatemanagement (multi-file)\spike9gamestatemanagement\debug\stage.obj
c:\users\sam huffer\coding\cos30031 - 101633177\09 - spike - game state management\spike9gamestatemanagement (multi-file)\spike9gamestatemanagement\debug\selectadventure.obj
c:\users\sam huffer\coding\cos30031 - 101633177\09 - spike - game state management\spike9gamestatemanagement (multi-file)\spike9gamestatemanagement\debug\newhighscore.obj
c:\users\sam huffer\coding\cos30031 - 101633177\09 - spike - game state management\spike9gamestatemanagement (multi-file)\spike9gamestatemanagement\debug\mainmenu.obj
c:\users\sam huffer\coding\cos30031 - 101633177\09 - spike - game state management\spike9gamestatemanagement (multi-file)\spike9gamestatemanagement\debug\location.obj
c:\users\sam huffer\coding\cos30031 - 101633177\09 - spike - game state management\spike9gamestatemanagement (multi-file)\spike9gamestatemanagement\debug\help.obj
c:\users\sam huffer\coding\cos30031 - 101633177\09 - spike - game state management\spike9gamestatemanagement (multi-file)\spike9gamestatemanagement\debug\halloffame.obj
c:\users\sam huffer\coding\cos30031 - 101633177\09 - spike - game state management\spike9gamestatemanagement (multi-file)\spike9gamestatemanagement\debug\gameplay.obj
c:\users\sam huffer\coding\cos30031 - 101633177\09 - spike - game state management\spike9gamestatemanagement (multi-file)\spike9gamestatemanagement\debug\about.obj
c:\users\sam huffer\coding\cos30031 - 101633177\09 - spike - game state management\spike9gamestatemanagement (multi-file)\spike9gamestatemanagement\debug\spike9gamestatemanagement.obj
c:\users\sam huffer\coding\cos30031 - 101633177\09 - spike - game state management\spike9gamestatemanagement (multi-file)\spike9gamestatemanagement\debug\game.obj
c:\users\sam huffer\coding\cos30031 - 101633177\09 - spike - game state management\spike9gamestatemanagement\spike9gamestatemanagement\debug\spike9gamestatemanagement.pch
c:\users\sam huffer\coding\cos30031 - 101633177\09 - spike - game state management\spike9gamestatemanagement\spike9gamestatemanagement\debug\vc141.pdb
c:\users\sam huffer\coding\cos30031 - 101633177\09 - spike - game state management\spike9gamestatemanagement\spike9gamestatemanagement\debug\vc141.idb
c:\users\sam huffer\coding\cos30031 - 101633177\09 - spike - game state management\spike9gamestatemanagement\spike9gamestatemanagement\debug\pch.obj
c:\users\sam huffer\coding\cos30031 - 101633177\09 - spike - game state management\spike9gamestatemanagement\spike9gamestatemanagement\debug\world.obj
c:\users\sam huffer\coding\cos30031 - 101633177\09 - spike - game state management\spike9gamestatemanagement\spike9gamestatemanagement\debug\stagemanager.obj
c:\users\sam huffer\coding\cos30031 - 101633177\09 - spike - game state management\spike9gamestatemanagement\spike9gamestatemanagement\debug\stage.obj
c:\users\sam huffer\coding\cos30031 - 101633177\09 - spike - game state management\spike9gamestatemanagement\spike9gamestatemanagement\debug\spike9gamestatemanagement.obj
c:\users\sam huffer\coding\cos30031 - 101633177\09 - spike - game state management\spike9gamestatemanagement\spike9gamestatemanagement\debug\selectadventure.obj
c:\users\sam huffer\coding\cos30031 - 101633177\09 - spike - game state management\spike9gamestatemanagement\spike9gamestatemanagement\debug\newhighscore.obj
c:\users\sam huffer\coding\cos30031 - 101633177\09 - spike - game state management\spike9gamestatemanagement\spike9gamestatemanagement\debug\mainmenu.obj
c:\users\sam huffer\coding\cos30031 - 101633177\09 - spike - game state management\spike9gamestatemanagement\spike9gamestatemanagement\debug\location.obj
c:\users\sam huffer\coding\cos30031 - 101633177\09 - spike - game state management\spike9gamestatemanagement\spike9gamestatemanagement\debug\help.obj
c:\users\sam huffer\coding\cos30031 - 101633177\09 - spike - game state management\spike9gamestatemanagement\spike9gamestatemanagement\debug\halloffame.obj
c:\users\sam huffer\coding\cos30031 - 101633177\09 - spike - game state management\spike9gamestatemanagement\spike9gamestatemanagement\debug\gameplay.obj
c:\users\sam huffer\coding\cos30031 - 101633177\09 - spike - game state management\spike9gamestatemanagement\spike9gamestatemanagement\debug\game.obj
c:\users\sam huffer\coding\cos30031 - 101633177\09 - spike - game state management\spike9gamestatemanagement\spike9gamestatemanagement\debug\about.obj
c:\users\sam huffer\coding\cos30031 - 101633177\09 - spike - game state management\spike9gamestatemanagement (multi-file)\debug\spike9gamestatemanagement.exe
c:\users\sam huffer\coding\cos30031 - 101633177\09 - spike - game state management\spike9gamestatemanagement (multi-file)\debug\spike9gamestatemanagement.ilk
c:\users\sam huffer\coding\cos30031 - 101633177\09 - spike - game state management\spike9gamestatemanagement (multi-file)\debug\spike9gamestatemanagement.pdb
c:\users\sam huffer\coding\cos30031 - 101633177\09 - spike - game state management\spike9gamestatemanagement\debug\spike9gamestatemanagement.pdb
c:\users\sam huffer\coding\cos30031 - 101633177\09 - spike - game state management\spike9gamestatemanagement\spike9gamestatemanagement\debug\spike9ga.7a222ae0.tlog\cl.command.1.tlog
c:\users\sam huffer\coding\cos30031 - 101633177\09 - spike - game state management\spike9gamestatemanagement\spike9gamestatemanagement\debug\spike9ga.7a222ae0.tlog\cl.read.1.tlog
c:\users\sam huffer\coding\cos30031 - 101633177\09 - spike - game state management\spike9gamestatemanagement\spike9gamestatemanagement\debug\spike9ga.7a222ae0.tlog\cl.write.1.tlog
c:\users\sam huffer\coding\cos30031 - 101633177\09 - spike - game state management\spike9gamestatemanagement\spike9gamestatemanagement\debug\spike9ga.7a222ae0.tlog\link-cvtres.read.1.tlog
c:\users\sam huffer\coding\cos30031 - 101633177\09 - spike - game state management\spike9gamestatemanagement\spike9gamestatemanagement\debug\spike9ga.7a222ae0.tlog\link-cvtres.write.1.tlog
c:\users\sam huffer\coding\cos30031 - 101633177\09 - spike - game state management\spike9gamestatemanagement\spike9gamestatemanagement\debug\spike9ga.7a222ae0.tlog\link-rc.read.1.tlog
c:\users\sam huffer\coding\cos30031 - 101633177\09 - spike - game state management\spike9gamestatemanagement\spike9gamestatemanagement\debug\spike9ga.7a222ae0.tlog\link-rc.write.1.tlog
c:\users\sam huffer\coding\cos30031 - 101633177\09 - spike - game state management\spike9gamestatemanagement\spike9gamestatemanagement\debug\spike9ga.7a222ae0.tlog\link.command.1.tlog
c:\users\sam huffer\coding\cos30031 - 101633177\09 - spike - game state management\spike9gamestatemanagement\spike9gamestatemanagement\debug\spike9ga.7a222ae0.tlog\link.read.1.tlog
c:\users\sam huffer\coding\cos30031 - 101633177\09 - spike - game state management\spike9gamestatemanagement\spike9gamestatemanagement\debug\spike9ga.7a222ae0.tlog\link.write.1.tlog
