  Button.cpp
  Command.cpp
  CommandAlias.cpp
  CommandDebug.cpp
  CommandDrop.cpp
  CommandHelp.cpp
  CommandHiScore.cpp
  CommandLook.cpp
  CommandManager.cpp
  CommandMove.cpp
  CommandOpen.cpp
  CommandPut.cpp
  CommandQuit.cpp
  CommandTake.cpp
  CommandUse.cpp
  Component.cpp
  ComponentFactory.cpp
  Container.cpp
  Description.cpp
  Flammable.cpp
  Generating Code...
  Compiling...
  Game.cpp
  GameObject.cpp
  Item.cpp
  Landmine.cpp
  Location.cpp
  Lock.cpp
  Message.cpp
  MessageManager.cpp
  Movable.cpp
  Notifiable.cpp
  Path.cpp
  Player.cpp
  Stage.cpp
  StageAbout.cpp
  StageGameplay.cpp
  StageHallOfFame.cpp
  StageHelp.cpp
  StageMainMenu.cpp
  StageManager.cpp
  StageNewHighScore.cpp
  Generating Code...
  Compiling...
  StageSelectAdventure.cpp
  StringManager.cpp
  UnlockCommands.cpp
  World.cpp
  ZorkishAdventures.cpp
  pch.cpp
  Generating Code...
  ZorkishAdventures.vcxproj -> C:\Users\Sam Huffer\Coding\COS30031 - 101633177\19 - Spike (ext) - Messaging Comparison\ZorkishAdventures\Debug\ZorkishAdventures.exe
