c:\users\sam huffer\coding\cos30031 - 101633177\10 - spike - game data structures\spike10gamedatastructures\spike9gamestatemanagement\debug\spike10gamedatastructures.pch
c:\users\sam huffer\coding\cos30031 - 101633177\10 - spike - game data structures\spike10gamedatastructures\spike9gamestatemanagement\debug\vc141.pdb
c:\users\sam huffer\coding\cos30031 - 101633177\10 - spike - game data structures\spike10gamedatastructures\spike9gamestatemanagement\debug\vc141.idb
c:\users\sam huffer\coding\cos30031 - 101633177\10 - spike - game data structures\spike10gamedatastructures\spike9gamestatemanagement\debug\pch.obj
c:\users\sam huffer\coding\cos30031 - 101633177\10 - spike - game data structures\spike10gamedatastructures\spike9gamestatemanagement\debug\world.obj
c:\users\sam huffer\coding\cos30031 - 101633177\10 - spike - game data structures\spike10gamedatastructures\spike9gamestatemanagement\debug\stringmanager.obj
c:\users\sam huffer\coding\cos30031 - 101633177\10 - spike - game data structures\spike10gamedatastructures\spike9gamestatemanagement\debug\stagemanager.obj
c:\users\sam huffer\coding\cos30031 - 101633177\10 - spike - game data structures\spike10gamedatastructures\spike9gamestatemanagement\debug\stage.obj
c:\users\sam huffer\coding\cos30031 - 101633177\10 - spike - game data structures\spike10gamedatastructures\spike9gamestatemanagement\debug\spike9gamestatemanagement.obj
c:\users\sam huffer\coding\cos30031 - 101633177\10 - spike - game data structures\spike10gamedatastructures\spike9gamestatemanagement\debug\selectadventure.obj
c:\users\sam huffer\coding\cos30031 - 101633177\10 - spike - game data structures\spike10gamedatastructures\spike9gamestatemanagement\debug\player.obj
c:\users\sam huffer\coding\cos30031 - 101633177\10 - spike - game data structures\spike10gamedatastructures\spike9gamestatemanagement\debug\newhighscore.obj
c:\users\sam huffer\coding\cos30031 - 101633177\10 - spike - game data structures\spike10gamedatastructures\spike9gamestatemanagement\debug\mainmenu.obj
c:\users\sam huffer\coding\cos30031 - 101633177\10 - spike - game data structures\spike10gamedatastructures\spike9gamestatemanagement\debug\location.obj
c:\users\sam huffer\coding\cos30031 - 101633177\10 - spike - game data structures\spike10gamedatastructures\spike9gamestatemanagement\debug\item.obj
c:\users\sam huffer\coding\cos30031 - 101633177\10 - spike - game data structures\spike10gamedatastructures\spike9gamestatemanagement\debug\help.obj
c:\users\sam huffer\coding\cos30031 - 101633177\10 - spike - game data structures\spike10gamedatastructures\spike9gamestatemanagement\debug\halloffame.obj
c:\users\sam huffer\coding\cos30031 - 101633177\10 - spike - game data structures\spike10gamedatastructures\spike9gamestatemanagement\debug\gameplay.obj
c:\users\sam huffer\coding\cos30031 - 101633177\10 - spike - game data structures\spike10gamedatastructures\spike9gamestatemanagement\debug\game.obj
c:\users\sam huffer\coding\cos30031 - 101633177\10 - spike - game data structures\spike10gamedatastructures\spike9gamestatemanagement\debug\containeritem.obj
c:\users\sam huffer\coding\cos30031 - 101633177\10 - spike - game data structures\spike10gamedatastructures\spike9gamestatemanagement\debug\container.obj
c:\users\sam huffer\coding\cos30031 - 101633177\10 - spike - game data structures\spike10gamedatastructures\spike9gamestatemanagement\debug\about.obj
c:\users\sam huffer\coding\cos30031 - 101633177\10 - spike - game data structures\spike10gamedatastructures\debug\spike10gamedatastructures.exe
c:\users\sam huffer\coding\cos30031 - 101633177\10 - spike - game data structures\spike10gamedatastructures\debug\spike10gamedatastructures.ilk
c:\users\sam huffer\coding\cos30031 - 101633177\10 - spike - game data structures\spike10gamedatastructures\debug\spike10gamedatastructures.pdb
c:\users\sam huffer\coding\cos30031 - 101633177\10 - spike - game data structures\spike10gamedatastructures\spike9gamestatemanagement\debug\spike9gamestatemanagement.pch
c:\users\sam huffer\coding\cos30031 - 101633177\10 - spike - game data structures\spike10gamedatastructures\spike9gamestatemanagement\debug\spike10g.7a222ae0.tlog\cl.command.1.tlog
c:\users\sam huffer\coding\cos30031 - 101633177\10 - spike - game data structures\spike10gamedatastructures\spike9gamestatemanagement\debug\spike10g.7a222ae0.tlog\cl.read.1.tlog
c:\users\sam huffer\coding\cos30031 - 101633177\10 - spike - game data structures\spike10gamedatastructures\spike9gamestatemanagement\debug\spike10g.7a222ae0.tlog\cl.write.1.tlog
c:\users\sam huffer\coding\cos30031 - 101633177\10 - spike - game data structures\spike10gamedatastructures\spike9gamestatemanagement\debug\spike10g.7a222ae0.tlog\link.command.1.tlog
c:\users\sam huffer\coding\cos30031 - 101633177\10 - spike - game data structures\spike10gamedatastructures\spike9gamestatemanagement\debug\spike10g.7a222ae0.tlog\link.read.1.tlog
c:\users\sam huffer\coding\cos30031 - 101633177\10 - spike - game data structures\spike10gamedatastructures\spike9gamestatemanagement\debug\spike10g.7a222ae0.tlog\link.write.1.tlog
