c:\users\sam huffer\coding\cos30031 - 101633177\15 - spike - composite and component patterns\zorkishadventures\zorkishadventures\debug\vc142.pdb
c:\users\sam huffer\coding\cos30031 - 101633177\15 - spike - composite and component patterns\zorkishadventures\zorkishadventures\debug\vc142.idb
c:\users\sam huffer\coding\cos30031 - 101633177\15 - spike - composite and component patterns\zorkishadventures\zorkishadventures\debug\game.obj
c:\users\sam huffer\coding\cos30031 - 101633177\15 - spike - composite and component patterns\zorkishadventures\zorkishadventures\debug\container.obj
c:\users\sam huffer\coding\cos30031 - 101633177\15 - spike - composite and component patterns\zorkishadventures\zorkishadventures\debug\commandmanager.obj
c:\users\sam huffer\coding\cos30031 - 101633177\15 - spike - composite and component patterns\zorkishadventures\zorkishadventures\debug\command.obj
c:\users\sam huffer\coding\cos30031 - 101633177\15 - spike - composite and component patterns\zorkishadventures\zorkishadventures\debug\stageabout.obj
c:\users\sam huffer\coding\cos30031 - 101633177\15 - spike - composite and component patterns\zorkishadventures\zorkishadventures\debug\movable.obj
c:\users\sam huffer\coding\cos30031 - 101633177\15 - spike - composite and component patterns\zorkishadventures\zorkishadventures\debug\lock.obj
c:\users\sam huffer\coding\cos30031 - 101633177\15 - spike - composite and component patterns\zorkishadventures\zorkishadventures\debug\gameobject.obj
c:\users\sam huffer\coding\cos30031 - 101633177\15 - spike - composite and component patterns\zorkishadventures\zorkishadventures\debug\description.obj
c:\users\sam huffer\coding\cos30031 - 101633177\15 - spike - composite and component patterns\zorkishadventures\zorkishadventures\debug\componentfactory.obj
c:\users\sam huffer\coding\cos30031 - 101633177\15 - spike - composite and component patterns\zorkishadventures\zorkishadventures\debug\component.obj
c:\users\sam huffer\coding\cos30031 - 101633177\15 - spike - composite and component patterns\zorkishadventures\zorkishadventures\debug\commandtake.obj
c:\users\sam huffer\coding\cos30031 - 101633177\15 - spike - composite and component patterns\zorkishadventures\zorkishadventures\debug\commandquit.obj
c:\users\sam huffer\coding\cos30031 - 101633177\15 - spike - composite and component patterns\zorkishadventures\zorkishadventures\debug\commandput.obj
c:\users\sam huffer\coding\cos30031 - 101633177\15 - spike - composite and component patterns\zorkishadventures\zorkishadventures\debug\commandlook.obj
c:\users\sam huffer\coding\cos30031 - 101633177\15 - spike - composite and component patterns\zorkishadventures\zorkishadventures\debug\commandhiscore.obj
c:\users\sam huffer\coding\cos30031 - 101633177\15 - spike - composite and component patterns\zorkishadventures\zorkishadventures\debug\commandhelp.obj
c:\users\sam huffer\coding\cos30031 - 101633177\15 - spike - composite and component patterns\zorkishadventures\zorkishadventures\debug\commanddrop.obj
c:\users\sam huffer\coding\cos30031 - 101633177\15 - spike - composite and component patterns\zorkishadventures\zorkishadventures\debug\commanddebug.obj
c:\users\sam huffer\coding\cos30031 - 101633177\15 - spike - composite and component patterns\zorkishadventures\zorkishadventures\debug\commandalias.obj
c:\users\sam huffer\coding\cos30031 - 101633177\15 - spike - composite and component patterns\zorkishadventures\zorkishadventures\debug\zorkishadventures.obj
c:\users\sam huffer\coding\cos30031 - 101633177\15 - spike - composite and component patterns\zorkishadventures\zorkishadventures\debug\world.obj
c:\users\sam huffer\coding\cos30031 - 101633177\15 - spike - composite and component patterns\zorkishadventures\zorkishadventures\debug\stringmanager.obj
c:\users\sam huffer\coding\cos30031 - 101633177\15 - spike - composite and component patterns\zorkishadventures\zorkishadventures\debug\stagemanager.obj
c:\users\sam huffer\coding\cos30031 - 101633177\15 - spike - composite and component patterns\zorkishadventures\zorkishadventures\debug\stage.obj
c:\users\sam huffer\coding\cos30031 - 101633177\15 - spike - composite and component patterns\zorkishadventures\zorkishadventures\debug\stageselectadventure.obj
c:\users\sam huffer\coding\cos30031 - 101633177\15 - spike - composite and component patterns\zorkishadventures\zorkishadventures\debug\player.obj
c:\users\sam huffer\coding\cos30031 - 101633177\15 - spike - composite and component patterns\zorkishadventures\zorkishadventures\debug\pch.obj
c:\users\sam huffer\coding\cos30031 - 101633177\15 - spike - composite and component patterns\zorkishadventures\zorkishadventures\debug\path.obj
c:\users\sam huffer\coding\cos30031 - 101633177\15 - spike - composite and component patterns\zorkishadventures\zorkishadventures\debug\stagenewhighscore.obj
c:\users\sam huffer\coding\cos30031 - 101633177\15 - spike - composite and component patterns\zorkishadventures\zorkishadventures\debug\commandmove.obj
c:\users\sam huffer\coding\cos30031 - 101633177\15 - spike - composite and component patterns\zorkishadventures\zorkishadventures\debug\stagemainmenu.obj
c:\users\sam huffer\coding\cos30031 - 101633177\15 - spike - composite and component patterns\zorkishadventures\zorkishadventures\debug\location.obj
c:\users\sam huffer\coding\cos30031 - 101633177\15 - spike - composite and component patterns\zorkishadventures\zorkishadventures\debug\item.obj
c:\users\sam huffer\coding\cos30031 - 101633177\15 - spike - composite and component patterns\zorkishadventures\zorkishadventures\debug\stagehelp.obj
c:\users\sam huffer\coding\cos30031 - 101633177\15 - spike - composite and component patterns\zorkishadventures\zorkishadventures\debug\stagehalloffame.obj
c:\users\sam huffer\coding\cos30031 - 101633177\15 - spike - composite and component patterns\zorkishadventures\zorkishadventures\debug\stagegameplay.obj
c:\users\sam huffer\coding\cos30031 - 101633177\15 - spike - composite and component patterns\zorkishadventures\debug\zorkishadventures.exe
c:\users\sam huffer\coding\cos30031 - 101633177\15 - spike - composite and component patterns\zorkishadventures\debug\zorkishadventures.ilk
c:\users\sam huffer\coding\cos30031 - 101633177\15 - spike - composite and component patterns\zorkishadventures\debug\zorkishadventures.pdb
c:\users\sam huffer\coding\cos30031 - 101633177\15 - spike - composite and component patterns\zorkishadventures\zorkishadventures\debug\commandput.new.obj.enc
c:\users\sam huffer\coding\cos30031 - 101633177\15 - spike - composite and component patterns\zorkishadventures\zorkishadventures\debug\zorkisha.2155de2b.tlog\cl.command.1.tlog
c:\users\sam huffer\coding\cos30031 - 101633177\15 - spike - composite and component patterns\zorkishadventures\zorkishadventures\debug\zorkisha.2155de2b.tlog\cl.read.1.tlog
c:\users\sam huffer\coding\cos30031 - 101633177\15 - spike - composite and component patterns\zorkishadventures\zorkishadventures\debug\zorkisha.2155de2b.tlog\cl.write.1.tlog
c:\users\sam huffer\coding\cos30031 - 101633177\15 - spike - composite and component patterns\zorkishadventures\zorkishadventures\debug\zorkisha.2155de2b.tlog\link.command.1.tlog
c:\users\sam huffer\coding\cos30031 - 101633177\15 - spike - composite and component patterns\zorkishadventures\zorkishadventures\debug\zorkisha.2155de2b.tlog\link.read.1.tlog
c:\users\sam huffer\coding\cos30031 - 101633177\15 - spike - composite and component patterns\zorkishadventures\zorkishadventures\debug\zorkisha.2155de2b.tlog\link.write.1.tlog
