c:\users\sam huffer\coding\cos30031 - 101633177\24 - spike - sprites & graphics\sdl2 tasks\sdl2 tasks\debug\vc142.pdb
c:\users\sam huffer\coding\cos30031 - 101633177\24 - spike - sprites & graphics\sdl2 tasks\sdl2 tasks\debug\vc142.idb
c:\users\sam huffer\coding\cos30031 - 101633177\24 - spike - sprites & graphics\sdl2 tasks\sdl2 tasks\debug\timer.obj
c:\users\sam huffer\coding\cos30031 - 101633177\24 - spike - sprites & graphics\sdl2 tasks\sdl2 tasks\debug\main.obj
c:\users\sam huffer\coding\cos30031 - 101633177\24 - spike - sprites & graphics\sdl2 tasks\sdl2 tasks\debug\graphics.obj
c:\users\sam huffer\coding\cos30031 - 101633177\24 - spike - sprites & graphics\sdl2 tasks\sdl2 tasks\debug\gamemanager.obj
c:\users\sam huffer\coding\cos30031 - 101633177\24 - spike - sprites & graphics\sdl2 tasks\sdl2 tasks\debug\audiomanager.obj
c:\users\sam huffer\coding\cos30031 - 101633177\24 - spike - sprites & graphics\sdl2 tasks\sdl2 tasks\debug\assetmanager.obj
c:\users\sam huffer\coding\cos30031 - 101633177\24 - spike - sprites & graphics\sdl2 tasks\sdl2 tasks\debug\mathhelper.obj
c:\users\sam huffer\coding\cos30031 - 101633177\24 - spike - sprites & graphics\sdl2 tasks\sdl2 tasks\debug\gameentity.obj
c:\users\sam huffer\coding\cos30031 - 101633177\24 - spike - sprites & graphics\sdl2 tasks\sdl2 tasks\debug\texture.obj
c:\users\sam huffer\coding\cos30031 - 101633177\24 - spike - sprites & graphics\sdl2 tasks\debug\sdl2 tasks.exe
c:\users\sam huffer\coding\cos30031 - 101633177\24 - spike - sprites & graphics\sdl2 tasks\debug\sdl2 tasks.ilk
c:\users\sam huffer\coding\cos30031 - 101633177\24 - spike - sprites & graphics\sdl2 tasks\debug\sdl2 tasks.pdb
c:\users\sam huffer\coding\cos30031 - 101633177\24 - spike - sprites & graphics\sdl2 tasks\sdl2 tasks\debug\sdl2 tasks.tlog\cl.command.1.tlog
c:\users\sam huffer\coding\cos30031 - 101633177\24 - spike - sprites & graphics\sdl2 tasks\sdl2 tasks\debug\sdl2 tasks.tlog\cl.read.1.tlog
c:\users\sam huffer\coding\cos30031 - 101633177\24 - spike - sprites & graphics\sdl2 tasks\sdl2 tasks\debug\sdl2 tasks.tlog\cl.write.1.tlog
c:\users\sam huffer\coding\cos30031 - 101633177\24 - spike - sprites & graphics\sdl2 tasks\sdl2 tasks\debug\sdl2 tasks.tlog\link.command.1.tlog
c:\users\sam huffer\coding\cos30031 - 101633177\24 - spike - sprites & graphics\sdl2 tasks\sdl2 tasks\debug\sdl2 tasks.tlog\link.read.1.tlog
c:\users\sam huffer\coding\cos30031 - 101633177\24 - spike - sprites & graphics\sdl2 tasks\sdl2 tasks\debug\sdl2 tasks.tlog\link.write.1.tlog
