C:\Program Files (x86)\Microsoft Visual Studio\2019\Community\MSBuild\Microsoft\VC\v160\Microsoft.CppBuild.targets(452,5): warning MSB8028: The intermediate directory (Debug\) contains files shared from another project (Spike10GameDataStructures.vcxproj, Spike9GameStateManagement.vcxproj).  This can lead to incorrect clean and rebuild behavior.
  pch.cpp
  About.cpp
  Container.cpp
C:\Users\Sam Huffer\Coding\COS30031 - 101633177\12 - Spike - Game Graphs from Data\Spike10GameDataStructures\Spike9GameStateManagement\Container.cpp(27,21): warning C4018:  '<': signed/unsigned mismatch
C:\Users\Sam Huffer\Coding\COS30031 - 101633177\12 - Spike - Game Graphs from Data\Spike10GameDataStructures\Spike9GameStateManagement\Container.cpp(45,21): warning C4018:  '<': signed/unsigned mismatch
C:\Users\Sam Huffer\Coding\COS30031 - 101633177\12 - Spike - Game Graphs from Data\Spike10GameDataStructures\Spike9GameStateManagement\Container.cpp(99,21): warning C4018:  '<': signed/unsigned mismatch
  ContainerItem.cpp
  Game.cpp
  Gameplay.cpp
C:\Users\Sam Huffer\Coding\COS30031 - 101633177\12 - Spike - Game Graphs from Data\Spike10GameDataStructures\Spike9GameStateManagement\Container.cpp(119,20): warning C4018:  '<': signed/unsigned mismatch
C:\Users\Sam Huffer\Coding\COS30031 - 101633177\12 - Spike - Game Graphs from Data\Spike10GameDataStructures\Spike9GameStateManagement\Gameplay.cpp(131,24): warning C4018:  '<': signed/unsigned mismatch
C:\Users\Sam Huffer\Coding\COS30031 - 101633177\12 - Spike - Game Graphs from Data\Spike10GameDataStructures\Spike9GameStateManagement\Gameplay.cpp(310,24): warning C4018:  '<': signed/unsigned mismatch
  HallOfFame.cpp
  Help.cpp
  Item.cpp
  Location.cpp
  MainMenu.cpp
  NewHighScore.cpp
  Player.cpp
  SelectAdventure.cpp
  ZorkishAdventures.cpp
  Stage.cpp
  StageManager.cpp
  StringManager.cpp
C:\Users\Sam Huffer\Coding\COS30031 - 101633177\12 - Spike - Game Graphs from Data\Spike10GameDataStructures\Spike9GameStateManagement\Gameplay.cpp(436,23): warning C4018:  '<': signed/unsigned mismatch
C:\Users\Sam Huffer\Coding\COS30031 - 101633177\12 - Spike - Game Graphs from Data\Spike10GameDataStructures\Spike9GameStateManagement\StringManager.cpp(36,20): warning C4018:  '<': signed/unsigned mismatch
C:\Users\Sam Huffer\Coding\COS30031 - 101633177\12 - Spike - Game Graphs from Data\Spike10GameDataStructures\Spike9GameStateManagement\StringManager.cpp(52,20): warning C4018:  '<': signed/unsigned mismatch
C:\Users\Sam Huffer\Coding\COS30031 - 101633177\12 - Spike - Game Graphs from Data\Spike10GameDataStructures\Spike9GameStateManagement\StringManager.cpp(78,20): warning C4018:  '<': signed/unsigned mismatch
  World.cpp
  Generating Code...
C:\Users\Sam Huffer\Coding\COS30031 - 101633177\12 - Spike - Game Graphs from Data\Spike10GameDataStructures\Spike9GameStateManagement\StringManager.cpp(93,20): warning C4018:  '<': signed/unsigned mismatch
  Spike9GameStateManagement.vcxproj -> C:\Users\Sam Huffer\Coding\COS30031 - 101633177\12 - Spike - Game Graphs from Data\Spike10GameDataStructures\Debug\ZorkishAdventures.exe
