  CommandAlias.cpp
  CommandDebug.cpp
  CommandDrop.cpp
  CommandHelp.cpp
  CommandHiScore.cpp
  CommandLook.cpp
  CommandPut.cpp
  CommandQuit.cpp
  CommandTake.cpp
  StageAbout.cpp
  Command.cpp
  CommandManager.cpp
  Container.cpp
  ContainerItem.cpp
  Game.cpp
  StageGameplay.cpp
  StageHallOfFame.cpp
  StageHelp.cpp
  Item.cpp
  Location.cpp
  Generating Code...
  Compiling...
  StageMainMenu.cpp
  CommandMove.cpp
  StageNewHighScore.cpp
  Path.cpp
  pch.cpp
  Player.cpp
  StageSelectAdventure.cpp
  Stage.cpp
  StageManager.cpp
  StringManager.cpp
  World.cpp
  ZorkishAdventures.cpp
  Generating Code...
  ZorkishAdventures.vcxproj -> C:\Users\Sam Huffer\Coding\COS30031 - 101633177\14 - Spike - Command Pattern\ZorkishAdventures\Debug\ZorkishAdventures.exe
