c:\users\sam huffer\coding\cos30031 - 101633177\14 - spike - command pattern\zorkishadventures\zorkishadventures\debug\vc142.pdb
c:\users\sam huffer\coding\cos30031 - 101633177\14 - spike - command pattern\zorkishadventures\zorkishadventures\debug\vc142.idb
c:\users\sam huffer\coding\cos30031 - 101633177\14 - spike - command pattern\zorkishadventures\zorkishadventures\debug\stage.obj
c:\users\sam huffer\coding\cos30031 - 101633177\14 - spike - command pattern\zorkishadventures\zorkishadventures\debug\stageselectadventure.obj
c:\users\sam huffer\coding\cos30031 - 101633177\14 - spike - command pattern\zorkishadventures\zorkishadventures\debug\player.obj
c:\users\sam huffer\coding\cos30031 - 101633177\14 - spike - command pattern\zorkishadventures\zorkishadventures\debug\pch.obj
c:\users\sam huffer\coding\cos30031 - 101633177\14 - spike - command pattern\zorkishadventures\zorkishadventures\debug\path.obj
c:\users\sam huffer\coding\cos30031 - 101633177\14 - spike - command pattern\zorkishadventures\zorkishadventures\debug\stagenewhighscore.obj
c:\users\sam huffer\coding\cos30031 - 101633177\14 - spike - command pattern\zorkishadventures\zorkishadventures\debug\commandmove.obj
c:\users\sam huffer\coding\cos30031 - 101633177\14 - spike - command pattern\zorkishadventures\zorkishadventures\debug\stagemainmenu.obj
c:\users\sam huffer\coding\cos30031 - 101633177\14 - spike - command pattern\zorkishadventures\zorkishadventures\debug\location.obj
c:\users\sam huffer\coding\cos30031 - 101633177\14 - spike - command pattern\zorkishadventures\zorkishadventures\debug\item.obj
c:\users\sam huffer\coding\cos30031 - 101633177\14 - spike - command pattern\zorkishadventures\zorkishadventures\debug\stagehelp.obj
c:\users\sam huffer\coding\cos30031 - 101633177\14 - spike - command pattern\zorkishadventures\zorkishadventures\debug\stagehalloffame.obj
c:\users\sam huffer\coding\cos30031 - 101633177\14 - spike - command pattern\zorkishadventures\zorkishadventures\debug\stagegameplay.obj
c:\users\sam huffer\coding\cos30031 - 101633177\14 - spike - command pattern\zorkishadventures\zorkishadventures\debug\game.obj
c:\users\sam huffer\coding\cos30031 - 101633177\14 - spike - command pattern\zorkishadventures\zorkishadventures\debug\containeritem.obj
c:\users\sam huffer\coding\cos30031 - 101633177\14 - spike - command pattern\zorkishadventures\zorkishadventures\debug\container.obj
c:\users\sam huffer\coding\cos30031 - 101633177\14 - spike - command pattern\zorkishadventures\zorkishadventures\debug\commandmanager.obj
c:\users\sam huffer\coding\cos30031 - 101633177\14 - spike - command pattern\zorkishadventures\zorkishadventures\debug\command.obj
c:\users\sam huffer\coding\cos30031 - 101633177\14 - spike - command pattern\zorkishadventures\zorkishadventures\debug\stageabout.obj
c:\users\sam huffer\coding\cos30031 - 101633177\14 - spike - command pattern\zorkishadventures\zorkishadventures\debug\commandlook.obj
c:\users\sam huffer\coding\cos30031 - 101633177\14 - spike - command pattern\zorkishadventures\zorkishadventures\debug\zorkishadventures.obj
c:\users\sam huffer\coding\cos30031 - 101633177\14 - spike - command pattern\zorkishadventures\zorkishadventures\debug\world.obj
c:\users\sam huffer\coding\cos30031 - 101633177\14 - spike - command pattern\zorkishadventures\zorkishadventures\debug\stringmanager.obj
c:\users\sam huffer\coding\cos30031 - 101633177\14 - spike - command pattern\zorkishadventures\zorkishadventures\debug\stagemanager.obj
c:\users\sam huffer\coding\cos30031 - 101633177\14 - spike - command pattern\zorkishadventures\zorkishadventures\debug\commanddrop.obj
c:\users\sam huffer\coding\cos30031 - 101633177\14 - spike - command pattern\zorkishadventures\debug\zorkishadventures.exe
c:\users\sam huffer\coding\cos30031 - 101633177\14 - spike - command pattern\zorkishadventures\debug\zorkishadventures.ilk
c:\users\sam huffer\coding\cos30031 - 101633177\14 - spike - command pattern\zorkishadventures\debug\zorkishadventures.pdb
c:\users\sam huffer\coding\cos30031 - 101633177\14 - spike - command pattern\zorkishadventures\zorkishadventures\debug\zorkisha.2155de2b.tlog\cl.command.1.tlog
c:\users\sam huffer\coding\cos30031 - 101633177\14 - spike - command pattern\zorkishadventures\zorkishadventures\debug\zorkisha.2155de2b.tlog\cl.read.1.tlog
c:\users\sam huffer\coding\cos30031 - 101633177\14 - spike - command pattern\zorkishadventures\zorkishadventures\debug\zorkisha.2155de2b.tlog\cl.write.1.tlog
c:\users\sam huffer\coding\cos30031 - 101633177\14 - spike - command pattern\zorkishadventures\zorkishadventures\debug\zorkisha.2155de2b.tlog\link.command.1.tlog
c:\users\sam huffer\coding\cos30031 - 101633177\14 - spike - command pattern\zorkishadventures\zorkishadventures\debug\zorkisha.2155de2b.tlog\link.read.1.tlog
c:\users\sam huffer\coding\cos30031 - 101633177\14 - spike - command pattern\zorkishadventures\zorkishadventures\debug\zorkisha.2155de2b.tlog\link.write.1.tlog
