  Container.cpp
C:\Users\Sam Huffer\Coding\COS30031 - 101633177\12 - Spike - Game Graphs from Data\ZorkishAdventure\ZorkishAdventure\Container.cpp(25,21): warning C4018:  '<': signed/unsigned mismatch
C:\Users\Sam Huffer\Coding\COS30031 - 101633177\12 - Spike - Game Graphs from Data\ZorkishAdventure\ZorkishAdventure\Container.cpp(43,21): warning C4018:  '<': signed/unsigned mismatch
C:\Users\Sam Huffer\Coding\COS30031 - 101633177\12 - Spike - Game Graphs from Data\ZorkishAdventure\ZorkishAdventure\Container.cpp(97,21): warning C4018:  '<': signed/unsigned mismatch
  ContainerItem.cpp
  Game.cpp
  Gameplay.cpp
C:\Users\Sam Huffer\Coding\COS30031 - 101633177\12 - Spike - Game Graphs from Data\ZorkishAdventure\ZorkishAdventure\Container.cpp(117,20): warning C4018:  '<': signed/unsigned mismatch
C:\Users\Sam Huffer\Coding\COS30031 - 101633177\12 - Spike - Game Graphs from Data\ZorkishAdventure\ZorkishAdventure\Gameplay.cpp(129,24): warning C4018:  '<': signed/unsigned mismatch
C:\Users\Sam Huffer\Coding\COS30031 - 101633177\12 - Spike - Game Graphs from Data\ZorkishAdventure\ZorkishAdventure\Gameplay.cpp(308,24): warning C4018:  '<': signed/unsigned mismatch
  HallOfFame.cpp
  Help.cpp
  Item.cpp
  Location.cpp
  MainMenu.cpp
  NewHighScore.cpp
  Player.cpp
  SelectAdventure.cpp
  Stage.cpp
  StageManager.cpp
  StringManager.cpp
C:\Users\Sam Huffer\Coding\COS30031 - 101633177\12 - Spike - Game Graphs from Data\ZorkishAdventure\ZorkishAdventure\Gameplay.cpp(434,23): warning C4018:  '<': signed/unsigned mismatch
C:\Users\Sam Huffer\Coding\COS30031 - 101633177\12 - Spike - Game Graphs from Data\ZorkishAdventure\ZorkishAdventure\StringManager.cpp(34,20): warning C4018:  '<': signed/unsigned mismatch
C:\Users\Sam Huffer\Coding\COS30031 - 101633177\12 - Spike - Game Graphs from Data\ZorkishAdventure\ZorkishAdventure\StringManager.cpp(50,20): warning C4018:  '<': signed/unsigned mismatch
C:\Users\Sam Huffer\Coding\COS30031 - 101633177\12 - Spike - Game Graphs from Data\ZorkishAdventure\ZorkishAdventure\StringManager.cpp(76,20): warning C4018:  '<': signed/unsigned mismatch
  World.cpp
  ZorkishAdventure.cpp
  Generating Code...
C:\Users\Sam Huffer\Coding\COS30031 - 101633177\12 - Spike - Game Graphs from Data\ZorkishAdventure\ZorkishAdventure\StringManager.cpp(91,20): warning C4018:  '<': signed/unsigned mismatch
  ZorkishAdventure.vcxproj -> C:\Users\Sam Huffer\Coding\COS30031 - 101633177\12 - Spike - Game Graphs from Data\ZorkishAdventure\Debug\ZorkishAdventure.exe
